TN:
SF:src\app.ts
FNF:0
FNH:0
DA:1,1
DA:2,1
DA:3,1
DA:4,1
DA:5,1
DA:6,1
DA:7,1
DA:8,1
DA:9,1
DA:10,1
DA:11,1
DA:12,1
DA:13,1
DA:14,1
DA:15,1
DA:16,1
DA:17,1
DA:18,1
DA:19,1
DA:20,1
DA:21,5
DA:22,5
DA:23,5
DA:24,5
DA:25,5
DA:26,0
DA:27,0
DA:28,0
DA:29,0
DA:30,0
DA:31,0
DA:32,1
DA:33,1
DA:34,1
LF:34
LH:28
BRDA:20,0,0,5
BRDA:26,1,0,0
BRF:2
BRH:1
end_of_record
TN:
SF:src\config\auth.ts
FNF:0
FNH:0
DA:1,1
DA:2,1
DA:3,1
DA:4,1
DA:5,1
DA:6,1
LF:6
LH:6
BRF:0
BRH:0
end_of_record
TN:
SF:src\database\index.ts
FNF:0
FNH:0
DA:1,1
DA:2,1
DA:3,1
DA:4,5
DA:5,5
DA:6,5
DA:7,5
DA:8,5
DA:9,5
DA:10,5
DA:11,5
DA:12,5
DA:13,5
DA:14,5
DA:15,5
LF:15
LH:15
BRDA:3,0,0,5
BRDA:4,1,0,5
BRDA:8,2,0,0
BRDA:11,3,0,0
BRF:4
BRH:2
end_of_record
TN:
SF:src\database\migrations\1616681812086-users-table.ts
FN:3,usersTable1616681812086
FN:5,Object.<anonymous>.usersTable1616681812086.up
FN:41,Object.<anonymous>.usersTable1616681812086.down
FNF:3
FNH:1
FNDA:5,usersTable1616681812086
FNDA:0,Object.<anonymous>.usersTable1616681812086.up
FNDA:0,Object.<anonymous>.usersTable1616681812086.down
DA:1,1
DA:2,1
DA:3,5
DA:4,5
DA:5,5
DA:6,0
DA:7,0
DA:8,0
DA:9,0
DA:10,0
DA:11,0
DA:12,0
DA:13,0
DA:14,0
DA:15,0
DA:16,0
DA:17,0
DA:18,0
DA:19,0
DA:20,0
DA:21,0
DA:22,0
DA:23,0
DA:24,0
DA:25,0
DA:26,0
DA:27,0
DA:28,0
DA:29,0
DA:30,0
DA:31,0
DA:32,0
DA:33,0
DA:34,0
DA:35,0
DA:36,0
DA:37,0
DA:38,0
DA:39,0
DA:40,5
DA:41,5
DA:42,0
DA:43,0
DA:44,5
DA:45,5
LF:45
LH:9
BRDA:3,0,0,5
BRDA:3,1,0,5
BRF:2
BRH:2
end_of_record
TN:
SF:src\database\migrations\1616682561481-statements-table.ts
FN:3,accountsTable1616682561481
FN:5,Object.<anonymous>.accountsTable1616682561481.up
FN:57,Object.<anonymous>.accountsTable1616682561481.down
FNF:3
FNH:1
FNDA:5,accountsTable1616682561481
FNDA:0,Object.<anonymous>.accountsTable1616682561481.up
FNDA:0,Object.<anonymous>.accountsTable1616682561481.down
DA:1,1
DA:2,1
DA:3,5
DA:4,5
DA:5,5
DA:6,0
DA:7,0
DA:8,0
DA:9,0
DA:10,0
DA:11,0
DA:12,0
DA:13,0
DA:14,0
DA:15,0
DA:16,0
DA:17,0
DA:18,0
DA:19,0
DA:20,0
DA:21,0
DA:22,0
DA:23,0
DA:24,0
DA:25,0
DA:26,0
DA:27,0
DA:28,0
DA:29,0
DA:30,0
DA:31,0
DA:32,0
DA:33,0
DA:34,0
DA:35,0
DA:36,0
DA:37,0
DA:38,0
DA:39,0
DA:40,0
DA:41,0
DA:42,0
DA:43,0
DA:44,0
DA:45,0
DA:46,0
DA:47,0
DA:48,0
DA:49,0
DA:50,0
DA:51,0
DA:52,0
DA:53,0
DA:54,0
DA:55,0
DA:56,5
DA:57,5
DA:58,0
DA:59,0
DA:60,5
DA:61,5
LF:61
LH:9
BRDA:3,0,0,5
BRDA:3,1,0,5
BRF:2
BRH:2
end_of_record
TN:
SF:src\modules\statements\entities\Statement.ts
FN:45,Statement
FN:26,Object.<anonymous>.typeorm_1.JoinColumn.name
FNF:2
FNH:2
FNDA:26,Statement
FNDA:5,Object.<anonymous>.typeorm_1.JoinColumn.name
DA:1,1
DA:2,1
DA:3,1
DA:4,1
DA:5,1
DA:6,1
DA:7,1
DA:8,1
DA:9,1
DA:10,1
DA:11,1
DA:12,1
DA:13,11
DA:14,11
DA:15,11
DA:16,11
DA:17,1
DA:18,1
DA:19,11
DA:20,11
DA:21,11
DA:22,11
DA:23,11
DA:24,11
DA:25,11
DA:26,11
DA:27,11
DA:28,11
DA:29,11
DA:30,11
DA:31,11
DA:32,11
DA:33,11
DA:34,11
DA:35,11
DA:36,11
DA:37,11
DA:38,11
DA:39,11
DA:40,11
DA:41,11
DA:42,11
DA:43,11
DA:44,11
DA:45,11
DA:46,26
DA:47,26
DA:48,26
DA:49,26
DA:50,11
LF:50
LH:50
BRDA:13,0,0,11
BRDA:19,1,0,11
BRDA:45,2,0,26
BRDA:26,3,0,5
BRDA:26,4,0,5
BRF:5
BRH:5
end_of_record
TN:
SF:src\modules\statements\mappers\BalanceMap.ts
FN:3,BalanceMap
FN:4,Object.<anonymous>.BalanceMap.toDTO
FNF:2
FNH:1
FNDA:0,BalanceMap
FNDA:1,Object.<anonymous>.BalanceMap.toDTO
DA:1,1
DA:2,1
DA:3,0
DA:4,0
DA:5,1
DA:6,0
DA:7,0
DA:8,0
DA:9,0
DA:10,0
DA:11,0
DA:12,0
DA:13,1
DA:14,1
DA:15,1
DA:16,1
DA:17,1
DA:18,1
DA:19,1
DA:20,1
DA:21,1
DA:22,1
DA:23,1
DA:24,1
DA:25,1
DA:26,1
DA:27,1
DA:28,0
LF:28
LH:18
BRDA:3,0,0,5
BRDA:4,1,0,1
BRF:2
BRH:2
end_of_record
TN:
SF:src\modules\statements\repositories\StatementsRepository.ts
FN:12,StatementsRepository
FN:16,Object.<anonymous>.StatementsRepository.create
FN:32,Object.<anonymous>.StatementsRepository.findStatementOperation
FN:38,Object.<anonymous>.StatementsRepository.getUserBalance
FNF:4
FNH:4
FNDA:2,StatementsRepository
FNDA:6,Object.<anonymous>.StatementsRepository.create
FNDA:1,Object.<anonymous>.StatementsRepository.findStatementOperation
FNDA:3,Object.<anonymous>.StatementsRepository.getUserBalance
DA:1,1
DA:2,1
DA:3,1
DA:4,1
DA:5,1
DA:6,1
DA:7,1
DA:8,1
DA:9,5
DA:10,5
DA:11,5
DA:12,5
DA:13,2
DA:14,2
DA:15,5
DA:16,5
DA:17,6
DA:18,6
DA:19,6
DA:20,6
DA:21,6
DA:22,6
DA:23,6
DA:24,6
DA:25,6
DA:26,6
DA:27,6
DA:28,6
DA:29,6
DA:30,6
DA:31,5
DA:32,5
DA:33,1
DA:34,1
DA:35,1
DA:36,1
DA:37,5
DA:38,5
DA:39,3
DA:40,3
DA:41,3
DA:42,3
DA:43,3
DA:44,3
DA:45,3
DA:46,3
DA:47,3
DA:48,6
DA:49,5
DA:50,6
DA:51,1
DA:52,1
DA:53,3
DA:54,3
DA:55,3
DA:56,1
DA:57,1
DA:58,1
DA:59,1
DA:60,1
DA:61,2
DA:62,2
DA:63,3
DA:64,5
LF:64
LH:64
BRDA:9,0,0,5
BRDA:12,1,0,2
BRDA:16,2,0,6
BRDA:32,3,0,1
BRDA:38,4,0,3
BRDA:38,5,0,2
BRDA:38,6,0,1
BRDA:43,7,0,3
BRDA:55,8,0,1
BRDA:61,9,0,2
BRDA:47,10,0,6
BRDA:48,11,0,5
BRDA:50,12,0,1
BRF:13
BRH:13
end_of_record
TN:
SF:src\modules\statements\repositories\in-memory\InMemoryStatementsRepository.ts
FN:7,InMemoryStatementsRepository
FN:10,Object.<anonymous>.InMemoryStatementsRepository.create
FN:20,Object.<anonymous>.InMemoryStatementsRepository.findStatementOperation
FN:27,Object.<anonymous>.InMemoryStatementsRepository.getUserBalance
FNF:4
FNH:4
FNDA:8,InMemoryStatementsRepository
FNDA:8,Object.<anonymous>.InMemoryStatementsRepository.create
FNDA:2,Object.<anonymous>.InMemoryStatementsRepository.findStatementOperation
FNDA:2,Object.<anonymous>.InMemoryStatementsRepository.getUserBalance
DA:1,1
DA:2,1
DA:3,1
DA:4,1
DA:5,1
DA:6,1
DA:7,8
DA:8,8
DA:9,8
DA:10,8
DA:11,8
DA:12,8
DA:13,8
DA:14,8
DA:15,8
DA:16,8
DA:17,8
DA:18,8
DA:19,8
DA:20,8
DA:21,2
DA:22,2
DA:23,1
DA:24,2
DA:25,2
DA:26,8
DA:27,8
DA:28,2
DA:29,2
DA:30,2
DA:31,2
DA:32,2
DA:33,2
DA:34,2
DA:35,2
DA:36,1
DA:37,1
DA:38,1
DA:39,1
DA:40,2
DA:41,2
DA:42,2
DA:43,2
DA:44,2
DA:45,2
DA:46,2
DA:47,2
DA:48,2
DA:49,2
DA:50,2
DA:51,8
LF:51
LH:51
BRDA:7,0,0,3
BRDA:7,1,0,8
BRDA:10,2,0,8
BRDA:20,3,0,2
BRDA:21,4,0,2
BRDA:22,5,0,1
BRDA:27,6,0,2
BRDA:27,7,0,1
BRDA:27,8,0,1
BRDA:32,9,0,2
BRDA:34,10,0,2
BRDA:35,11,0,1
BRF:12
BRH:12
end_of_record
TN:
SF:src\modules\statements\useCases\createStatement\CreateStatementController.ts
FN:11,CreateStatementController
FN:12,Object.<anonymous>.CreateStatementController.execute
FNF:2
FNH:2
FNDA:5,CreateStatementController
FNDA:6,Object.<anonymous>.CreateStatementController.execute
DA:1,1
DA:2,1
DA:3,1
DA:4,1
DA:5,1
DA:6,5
DA:7,5
DA:8,5
DA:9,5
DA:10,1
DA:11,5
DA:12,5
DA:13,6
DA:14,6
DA:15,6
DA:16,6
DA:17,6
DA:18,6
DA:19,6
DA:20,6
DA:21,6
DA:22,6
DA:23,6
DA:24,6
DA:25,6
DA:26,6
DA:27,6
DA:28,6
DA:29,6
DA:30,5
LF:30
LH:30
BRDA:6,0,0,5
BRDA:11,1,0,5
BRDA:11,2,0,5
BRDA:12,3,0,6
BRF:4
BRH:4
end_of_record
TN:
SF:src\modules\statements\useCases\createStatement\CreateStatementError.ts
FN:5,UserNotFound
FN:11,InsufficientFunds
FNF:2
FNH:2
FNDA:2,UserNotFound
FNDA:2,InsufficientFunds
DA:1,1
DA:2,1
DA:3,6
DA:4,6
DA:5,6
DA:6,2
DA:7,2
DA:8,6
DA:9,6
DA:10,6
DA:11,6
DA:12,2
DA:13,2
DA:14,6
DA:15,6
LF:15
LH:15
BRDA:3,0,0,6
BRDA:4,1,0,6
BRDA:5,2,0,2
BRDA:10,3,0,6
BRDA:11,4,0,2
BRF:5
BRH:5
end_of_record
TN:
SF:src\modules\statements\useCases\createStatement\CreateStatementUseCase.ts
FN:11,CreateStatementUseCase
FN:19,Object.<anonymous>.CreateStatementUseCase.execute
FNF:2
FNH:2
FNDA:9,CreateStatementUseCase
FNDA:9,Object.<anonymous>.CreateStatementUseCase.execute
DA:1,1
DA:2,1
DA:3,1
DA:4,1
DA:5,1
DA:6,1
DA:7,1
DA:8,1
DA:9,1
DA:10,6
DA:11,6
DA:12,9
DA:13,9
DA:14,9
DA:15,9
DA:16,9
DA:17,9
DA:18,6
DA:19,6
DA:20,9
DA:21,9
DA:22,9
DA:23,1
DA:24,1
DA:25,8
DA:26,8
DA:27,3
DA:28,3
DA:29,3
DA:30,9
DA:31,9
DA:32,1
DA:33,1
DA:34,9
DA:35,9
DA:36,9
DA:37,7
DA:38,7
DA:39,7
DA:40,7
DA:41,7
DA:42,9
DA:43,9
DA:44,9
DA:45,6
LF:45
LH:45
BRDA:10,0,0,6
BRDA:11,1,0,9
BRDA:19,2,0,9
BRDA:20,3,0,9
BRDA:22,4,0,1
BRDA:25,5,0,8
BRDA:26,6,0,7
BRDA:26,7,0,5
BRDA:26,8,0,3
BRDA:31,9,0,1
BRDA:36,10,0,7
BRF:11
BRH:11
end_of_record
TN:
SF:src\modules\statements\useCases\getBalance\GetBalanceController.ts
FN:7,GetBalanceController
FN:8,Object.<anonymous>.GetBalanceController.execute
FNF:2
FNH:2
FNDA:5,GetBalanceController
FNDA:1,Object.<anonymous>.GetBalanceController.execute
DA:1,1
DA:2,1
DA:3,1
DA:4,1
DA:5,1
DA:6,1
DA:7,5
DA:8,5
DA:9,1
DA:10,1
DA:11,1
DA:12,1
DA:13,1
DA:14,1
DA:15,1
DA:16,1
DA:17,1
DA:18,1
DA:19,5
LF:19
LH:19
BRDA:7,0,0,5
BRDA:7,1,0,5
BRDA:8,2,0,1
BRF:3
BRH:3
end_of_record
TN:
SF:src\modules\statements\useCases\getBalance\GetBalanceError.ts
FN:4,GetBalanceError
FNF:1
FNH:1
FNDA:2,GetBalanceError
DA:1,1
DA:2,1
DA:3,6
DA:4,6
DA:5,2
DA:6,2
DA:7,6
LF:7
LH:7
BRDA:3,0,0,6
BRDA:4,1,0,2
BRF:2
BRH:2
end_of_record
TN:
SF:src\modules\statements\useCases\getBalance\GetBalanceUseCase.ts
FN:21,GetBalanceUseCase
FN:29,Object.<anonymous>.GetBalanceUseCase.execute
FNF:2
FNH:2
FNDA:3,GetBalanceUseCase
FNDA:3,Object.<anonymous>.GetBalanceUseCase.execute
DA:1,1
DA:2,1
DA:3,1
DA:4,1
DA:5,1
DA:6,1
DA:7,1
DA:8,1
DA:9,1
DA:10,1
DA:11,1
DA:12,1
DA:13,1
DA:14,1
DA:15,1
DA:16,1
DA:17,1
DA:18,1
DA:19,1
DA:20,6
DA:21,6
DA:22,3
DA:23,3
DA:24,3
DA:25,3
DA:26,3
DA:27,3
DA:28,6
DA:29,6
DA:30,3
DA:31,3
DA:32,3
DA:33,1
DA:34,1
DA:35,2
DA:36,2
DA:37,2
DA:38,2
DA:39,2
DA:40,3
DA:41,3
DA:42,3
DA:43,6
LF:43
LH:43
BRDA:20,0,0,6
BRDA:21,1,0,3
BRDA:29,2,0,3
BRDA:30,3,0,3
BRDA:32,4,0,2
BRDA:32,5,0,1
BRF:6
BRH:6
end_of_record
TN:
SF:src\modules\statements\useCases\getStatementOperation\GetStatementOperationController.ts
FN:6,GetStatementOperationController
FN:7,Object.<anonymous>.GetStatementOperationController.execute
FNF:2
FNH:2
FNDA:5,GetStatementOperationController
FNDA:1,Object.<anonymous>.GetStatementOperationController.execute
DA:1,1
DA:2,1
DA:3,1
DA:4,1
DA:5,1
DA:6,5
DA:7,5
DA:8,1
DA:9,1
DA:10,1
DA:11,1
DA:12,1
DA:13,1
DA:14,1
DA:15,1
DA:16,1
DA:17,1
DA:18,1
DA:19,1
DA:20,5
LF:20
LH:20
BRDA:6,0,0,5
BRDA:6,1,0,5
BRDA:7,2,0,1
BRF:3
BRH:3
end_of_record
TN:
SF:src\modules\statements\useCases\getStatementOperation\GetStatementOperationError.ts
FN:5,UserNotFound
FN:11,StatementNotFound
FNF:2
FNH:2
FNDA:2,UserNotFound
FNDA:2,StatementNotFound
DA:1,1
DA:2,1
DA:3,6
DA:4,6
DA:5,6
DA:6,2
DA:7,2
DA:8,6
DA:9,6
DA:10,6
DA:11,6
DA:12,2
DA:13,2
DA:14,6
DA:15,6
LF:15
LH:15
BRDA:3,0,0,6
BRDA:4,1,0,6
BRDA:5,2,0,2
BRDA:10,3,0,6
BRDA:11,4,0,2
BRF:5
BRH:5
end_of_record
TN:
SF:src\modules\statements\useCases\getStatementOperation\GetStatementOperationUseCase.ts
FN:15,GetStatementOperationUseCase
FN:23,Object.<anonymous>.GetStatementOperationUseCase.execute
FNF:2
FNH:2
FNDA:4,GetStatementOperationUseCase
FNDA:4,Object.<anonymous>.GetStatementOperationUseCase.execute
DA:1,1
DA:2,1
DA:3,1
DA:4,1
DA:5,1
DA:6,1
DA:7,1
DA:8,1
DA:9,1
DA:10,1
DA:11,1
DA:12,1
DA:13,1
DA:14,6
DA:15,6
DA:16,4
DA:17,4
DA:18,4
DA:19,4
DA:20,4
DA:21,4
DA:22,6
DA:23,6
DA:24,4
DA:25,4
DA:26,4
DA:27,1
DA:28,1
DA:29,3
DA:30,3
DA:31,3
DA:32,3
DA:33,3
DA:34,3
DA:35,4
DA:36,4
DA:37,1
DA:38,1
DA:39,2
DA:40,2
DA:41,4
DA:42,6
LF:42
LH:42
BRDA:14,0,0,6
BRDA:15,1,0,4
BRDA:23,2,0,4
BRDA:24,3,0,4
BRDA:26,4,0,1
BRDA:29,5,0,3
BRDA:36,6,0,2
BRDA:36,7,0,1
BRF:8
BRH:8
end_of_record
TN:
SF:src\modules\users\entities\User.ts
FN:35,User
FNF:1
FNH:1
FNDA:36,User
DA:1,1
DA:2,1
DA:3,1
DA:4,1
DA:5,1
DA:6,1
DA:7,1
DA:8,1
DA:9,1
DA:10,1
DA:11,1
DA:12,1
DA:13,11
DA:14,11
DA:15,11
DA:16,11
DA:17,11
DA:18,11
DA:19,11
DA:20,11
DA:21,11
DA:22,11
DA:23,11
DA:24,11
DA:25,11
DA:26,11
DA:27,11
DA:28,11
DA:29,11
DA:30,11
DA:31,11
DA:32,11
DA:33,11
DA:34,11
DA:35,11
DA:36,36
DA:37,36
DA:38,36
DA:39,36
DA:40,11
LF:40
LH:40
BRDA:13,0,0,11
BRDA:35,1,0,36
BRDA:26,2,0,5
BRDA:26,3,0,5
BRF:4
BRH:4
end_of_record
TN:
SF:src\modules\users\mappers\ProfileMap.ts
FN:3,ProfileMap
FN:4,Object.<anonymous>.ProfileMap.toDTO
FNF:2
FNH:1
FNDA:0,ProfileMap
FNDA:1,Object.<anonymous>.ProfileMap.toDTO
DA:1,1
DA:2,1
DA:3,0
DA:4,0
DA:5,1
DA:6,1
DA:7,1
DA:8,1
DA:9,1
DA:10,1
DA:11,1
DA:12,1
DA:13,0
LF:13
LH:10
BRDA:3,0,0,5
BRDA:4,1,0,1
BRF:2
BRH:2
end_of_record
TN:
SF:src\modules\users\repositories\UsersRepository.ts
FN:10,UsersRepository
FN:14,Object.<anonymous>.UsersRepository.findByEmail
FN:20,Object.<anonymous>.UsersRepository.findById
FN:24,Object.<anonymous>.UsersRepository.create
FNF:4
FNH:4
FNDA:5,UsersRepository
FNDA:8,Object.<anonymous>.UsersRepository.findByEmail
FNDA:9,Object.<anonymous>.UsersRepository.findById
FNDA:1,Object.<anonymous>.UsersRepository.create
DA:1,1
DA:2,1
DA:3,1
DA:4,1
DA:5,1
DA:6,1
DA:7,5
DA:8,5
DA:9,5
DA:10,5
DA:11,5
DA:12,5
DA:13,5
DA:14,5
DA:15,8
DA:16,8
DA:17,8
DA:18,8
DA:19,5
DA:20,5
DA:21,9
DA:22,9
DA:23,5
DA:24,5
DA:25,1
DA:26,1
DA:27,1
DA:28,1
DA:29,5
LF:29
LH:29
BRDA:7,0,0,5
BRDA:10,1,0,5
BRDA:14,2,0,8
BRDA:20,3,0,9
BRDA:24,4,0,1
BRF:5
BRH:5
end_of_record
TN:
SF:src\modules\users\repositories\in-memory\InMemoryUsersRepository.ts
FN:6,InMemoryUsersRepository
FN:9,Object.<anonymous>.InMemoryUsersRepository.findByEmail
FN:13,Object.<anonymous>.InMemoryUsersRepository.findById
FN:17,Object.<anonymous>.InMemoryUsersRepository.create
FNF:4
FNH:4
FNDA:15,InMemoryUsersRepository
FNDA:6,Object.<anonymous>.InMemoryUsersRepository.findByEmail
FNDA:11,Object.<anonymous>.InMemoryUsersRepository.findById
FNDA:15,Object.<anonymous>.InMemoryUsersRepository.create
DA:1,1
DA:2,1
DA:3,1
DA:4,1
DA:5,1
DA:6,15
DA:7,15
DA:8,15
DA:9,15
DA:10,6
DA:11,6
DA:12,15
DA:13,15
DA:14,11
DA:15,11
DA:16,15
DA:17,15
DA:18,15
DA:19,15
DA:20,15
DA:21,15
DA:22,15
DA:23,15
LF:23
LH:23
BRDA:6,0,0,6
BRDA:6,1,0,15
BRDA:9,2,0,6
BRDA:10,3,0,4
BRDA:13,4,0,11
BRDA:14,5,0,11
BRDA:17,6,0,15
BRF:7
BRH:7
end_of_record
TN:
SF:src\modules\users\useCases\authenticateUser\AuthenticateUserController.ts
FN:6,AuthenticateUserController
FN:7,Object.<anonymous>.AuthenticateUserController.execute
FNF:2
FNH:2
FNDA:5,AuthenticateUserController
FNDA:6,Object.<anonymous>.AuthenticateUserController.execute
DA:1,1
DA:2,1
DA:3,1
DA:4,1
DA:5,1
DA:6,5
DA:7,5
DA:8,6
DA:9,6
DA:10,6
DA:11,6
DA:12,6
DA:13,6
DA:14,6
DA:15,6
DA:16,6
DA:17,6
DA:18,6
DA:19,5
LF:19
LH:19
BRDA:6,0,0,5
BRDA:6,1,0,5
BRDA:7,2,0,6
BRF:3
BRH:3
end_of_record
TN:
SF:src\modules\users\useCases\authenticateUser\AuthenticateUserUseCase.ts
FN:19,AuthenticateUserUseCase
FN:24,Object.<anonymous>.AuthenticateUserUseCase.execute
FNF:2
FNH:2
FNDA:9,AuthenticateUserUseCase
FNDA:9,Object.<anonymous>.AuthenticateUserUseCase.execute
DA:1,1
DA:2,1
DA:3,1
DA:4,1
DA:5,1
DA:6,1
DA:7,1
DA:8,1
DA:9,1
DA:10,1
DA:11,1
DA:12,1
DA:13,1
DA:14,1
DA:15,1
DA:16,1
DA:17,1
DA:18,6
DA:19,6
DA:20,9
DA:21,9
DA:22,9
DA:23,6
DA:24,6
DA:25,9
DA:26,9
DA:27,9
DA:28,9
DA:29,9
DA:30,9
DA:31,2
DA:32,2
DA:33,7
DA:34,7
DA:35,9
DA:36,9
DA:37,2
DA:38,2
DA:39,5
DA:40,5
DA:41,5
DA:42,5
DA:43,5
DA:44,5
DA:45,5
DA:46,5
DA:47,5
DA:48,5
DA:49,5
DA:50,5
DA:51,5
DA:52,5
DA:53,5
DA:54,5
DA:55,9
DA:56,6
LF:56
LH:56
BRDA:18,0,0,6
BRDA:19,1,0,9
BRDA:24,2,0,9
BRDA:28,3,0,9
BRDA:30,4,0,2
BRDA:33,5,0,7
BRDA:36,6,0,5
BRDA:36,7,0,2
BRF:8
BRH:8
end_of_record
TN:
SF:src\modules\users\useCases\authenticateUser\IncorrectEmailOrPasswordError.ts
FN:4,IncorrectEmailOrPasswordError
FNF:1
FNH:1
FNDA:6,IncorrectEmailOrPasswordError
DA:1,1
DA:2,1
DA:3,6
DA:4,6
DA:5,6
DA:6,6
DA:7,6
LF:7
LH:7
BRDA:3,0,0,6
BRDA:4,1,0,6
BRF:2
BRH:2
end_of_record
TN:
SF:src\modules\users\useCases\createUser\CreateUserController.ts
FN:6,CreateUserController
FN:7,Object.<anonymous>.CreateUserController.execute
FNF:2
FNH:2
FNDA:5,CreateUserController
FNDA:2,Object.<anonymous>.CreateUserController.execute
DA:1,1
DA:2,1
DA:3,1
DA:4,1
DA:5,1
DA:6,5
DA:7,5
DA:8,2
DA:9,2
DA:10,2
DA:11,2
DA:12,2
DA:13,2
DA:14,2
DA:15,2
DA:16,2
DA:17,2
DA:18,2
DA:19,2
DA:20,5
LF:20
LH:20
BRDA:6,0,0,5
BRDA:6,1,0,5
BRDA:7,2,0,2
BRF:3
BRH:3
end_of_record
TN:
SF:src\modules\users\useCases\createUser\CreateUserError.ts
FN:4,CreateUserError
FNF:1
FNH:1
FNDA:3,CreateUserError
DA:1,1
DA:2,1
DA:3,6
DA:4,6
DA:5,3
DA:6,3
DA:7,6
LF:7
LH:7
BRDA:3,0,0,6
BRDA:4,1,0,3
BRF:2
BRH:2
end_of_record
TN:
SF:src\modules\users\useCases\createUser\CreateUserUseCase.ts
FN:12,CreateUserUseCase
FN:17,Object.<anonymous>.CreateUserUseCase.execute
FNF:2
FNH:2
FNDA:4,CreateUserUseCase
FNDA:5,Object.<anonymous>.CreateUserUseCase.execute
DA:1,1
DA:2,1
DA:3,1
DA:4,1
DA:5,1
DA:6,1
DA:7,1
DA:8,1
DA:9,1
DA:10,1
DA:11,6
DA:12,6
DA:13,4
DA:14,4
DA:15,4
DA:16,6
DA:17,6
DA:18,5
DA:19,5
DA:20,5
DA:21,2
DA:22,2
DA:23,3
DA:24,3
DA:25,5
DA:26,5
DA:27,5
DA:28,5
DA:29,5
DA:30,5
DA:31,5
DA:32,5
DA:33,5
DA:34,6
LF:34
LH:34
BRDA:11,0,0,6
BRDA:12,1,0,4
BRDA:17,2,0,5
BRDA:18,3,0,5
BRDA:20,4,0,4
BRDA:20,5,0,2
BRDA:23,6,0,3
BRF:7
BRH:7
end_of_record
TN:
SF:src\modules\users\useCases\showUserProfile\ShowUserProfileController.ts
FN:7,ShowUserProfileController
FN:8,Object.<anonymous>.ShowUserProfileController.execute
FNF:2
FNH:2
FNDA:5,ShowUserProfileController
FNDA:1,Object.<anonymous>.ShowUserProfileController.execute
DA:1,1
DA:2,1
DA:3,1
DA:4,1
DA:5,1
DA:6,1
DA:7,5
DA:8,5
DA:9,1
DA:10,1
DA:11,1
DA:12,1
DA:13,1
DA:14,1
DA:15,1
DA:16,1
DA:17,1
DA:18,1
DA:19,5
LF:19
LH:19
BRDA:7,0,0,5
BRDA:7,1,0,5
BRDA:8,2,0,1
BRF:3
BRH:3
end_of_record
TN:
SF:src\modules\users\useCases\showUserProfile\ShowUserProfileError.ts
FN:4,ShowUserProfileError
FNF:1
FNH:1
FNDA:2,ShowUserProfileError
DA:1,1
DA:2,1
DA:3,6
DA:4,6
DA:5,2
DA:6,2
DA:7,6
LF:7
LH:7
BRDA:3,0,0,6
BRDA:4,1,0,2
BRF:2
BRH:2
end_of_record
TN:
SF:src\modules\users\useCases\showUserProfile\ShowUserProfileUseCase.ts
FN:8,ShowUserProfileUseCase
FN:13,Object.<anonymous>.ShowUserProfileUseCase.execute
FNF:2
FNH:2
FNDA:3,ShowUserProfileUseCase
FNDA:3,Object.<anonymous>.ShowUserProfileUseCase.execute
DA:1,1
DA:2,1
DA:3,1
DA:4,1
DA:5,1
DA:6,1
DA:7,6
DA:8,6
DA:9,3
DA:10,3
DA:11,3
DA:12,6
DA:13,6
DA:14,3
DA:15,3
DA:16,3
DA:17,1
DA:18,1
DA:19,2
DA:20,2
DA:21,3
DA:22,6
LF:22
LH:22
BRDA:7,0,0,6
BRDA:8,1,0,3
BRDA:13,2,0,3
BRDA:14,3,0,3
BRDA:16,4,0,2
BRDA:16,5,0,1
BRF:6
BRH:6
end_of_record
TN:
SF:src\routes\authentication.routes.ts
FNF:0
FNH:0
DA:1,1
DA:2,1
DA:3,1
DA:4,1
DA:5,1
DA:6,1
DA:7,1
DA:8,1
DA:9,1
DA:10,1
LF:10
LH:10
BRF:0
BRH:0
end_of_record
TN:
SF:src\routes\index.ts
FNF:0
FNH:0
DA:1,1
DA:2,1
DA:3,1
DA:4,1
DA:5,1
DA:6,1
DA:7,1
DA:8,1
DA:9,1
DA:10,1
DA:11,1
DA:12,1
DA:13,1
DA:14,1
DA:15,1
DA:16,1
LF:16
LH:16
BRF:0
BRH:0
end_of_record
TN:
SF:src\routes\statements.routes.ts
FNF:0
FNH:0
DA:1,1
DA:2,1
DA:3,1
DA:4,1
DA:5,1
DA:6,1
DA:7,1
DA:8,1
DA:9,1
DA:10,1
DA:11,1
DA:12,1
DA:13,1
DA:14,1
DA:15,1
DA:16,1
DA:17,1
DA:18,1
DA:19,1
DA:20,1
LF:20
LH:20
BRF:0
BRH:0
end_of_record
TN:
SF:src\routes\userProfile.routes.ts
FNF:0
FNH:0
DA:1,1
DA:2,1
DA:3,1
DA:4,1
DA:5,1
DA:6,1
DA:7,1
DA:8,1
DA:9,1
DA:10,1
DA:11,1
DA:12,1
DA:13,1
LF:13
LH:13
BRF:0
BRH:0
end_of_record
TN:
SF:src\routes\users.routes.ts
FNF:0
FNH:0
DA:1,1
DA:2,1
DA:3,1
DA:4,1
DA:5,1
DA:6,1
DA:7,1
DA:8,1
DA:9,1
DA:10,1
LF:10
LH:10
BRF:0
BRH:0
end_of_record
TN:
SF:src\shared\container\index.ts
FNF:0
FNH:0
DA:1,1
DA:2,1
DA:3,1
DA:4,1
DA:5,1
DA:6,1
DA:7,1
DA:8,1
DA:9,1
DA:10,1
DA:11,1
DA:12,1
DA:13,1
DA:14,1
DA:15,1
DA:16,1
DA:17,1
LF:17
LH:17
BRF:0
BRH:0
end_of_record
TN:
SF:src\shared\errors\AppError.ts
FN:6,AppError
FNF:1
FNH:1
FNDA:23,AppError
DA:1,11
DA:2,11
DA:3,11
DA:4,11
DA:5,11
DA:6,11
DA:7,23
DA:8,23
DA:9,23
DA:10,11
LF:10
LH:10
BRDA:1,0,0,11
BRDA:6,1,0,23
BRDA:6,2,0,3
BRF:3
BRH:3
end_of_record
TN:
SF:src\shared\errors\JWTInvalidTokenError.ts
FN:4,JWTInvalidTokenError
FNF:1
FNH:1
FNDA:2,JWTInvalidTokenError
DA:1,1
DA:2,1
DA:3,5
DA:4,5
DA:5,2
DA:6,2
DA:7,5
LF:7
LH:7
BRDA:3,0,0,5
BRDA:4,1,0,2
BRF:2
BRH:2
end_of_record
TN:
SF:src\shared\errors\JWTTokenMissingError.ts
FN:4,JWTTokenMissingError
FNF:1
FNH:0
FNDA:0,JWTTokenMissingError
DA:1,1
DA:2,1
DA:3,5
DA:4,5
DA:5,0
DA:6,0
DA:7,5
LF:7
LH:5
BRDA:3,0,0,5
BRF:1
BRH:1
end_of_record
TN:
SF:src\shared\infra\http\middlwares\ensureAuthenticated.ts
FN:12,ensureAuthenticated
FNF:1
FNH:1
FNDA:11,ensureAuthenticated
DA:1,1
DA:2,1
DA:3,1
DA:4,1
DA:5,1
DA:6,1
DA:7,1
DA:8,1
DA:9,1
DA:10,1
DA:11,1
DA:12,11
DA:13,11
DA:14,11
DA:15,11
DA:16,11
DA:17,11
DA:18,11
DA:19,11
DA:20,0
DA:21,0
DA:22,11
DA:23,11
DA:24,11
DA:25,11
DA:26,11
DA:27,11
DA:28,11
DA:29,11
DA:30,11
DA:31,11
DA:32,11
DA:33,11
DA:34,2
DA:35,2
DA:36,11
LF:36
LH:34
BRDA:12,0,0,11
BRDA:19,1,0,0
BRDA:33,2,0,2
BRF:3
BRH:2
end_of_record
